commit 4a3c9c1ea8f67ec1cb699b2726d37cefd5320af6
Author: Eliassj <elias.sjolin@gmail.com>
Date:   Fri Oct 27 09:49:42 2023 +0200

    fd

commit 44a904d992b6c03fcd978da442809c03f07a80e0
Author: Eliassj <elias.sjolin@gmail.com>
Date:   Thu Oct 26 08:39:27 2023 +0200

    fe

commit baecf0150e570fa6d3cc1279f2340ef7ddbe218b
Author: Eliassj <elias.sjolin@gmail.com>
Date:   Wed Oct 18 21:20:50 2023 +0200

    fd

commit 5a90cab91262c4f6dd55c8eeba84f802525dabc8
Author: Eliassj <elias.sjolin@gmail.com>
Date:   Mon Oct 16 15:01:00 2023 +0200

    F

commit 59e27e67226fdb418697f8fc1bcd4c61d047cd1e
Author: Eliassj <elias.sjolin@gmail.com>
Date:   Mon Oct 2 15:33:47 2023 +0200

    Börjat m. urologi

commit 684635ecb5c55a1c9ff690f1c36698c807ef52d8
Author: Eliassj <elias.sjolin@gmail.com>
Date:   Sun Oct 1 09:58:01 2023 +0200

    KD

commit 0e3963b631554ada3c85df4b82310f8c07a15b89
Author: Eliassj <elias.sjolin@gmail.com>
Date:   Sat Sep 30 08:49:35 2023 +0200

    nun

commit 86c06752eb79178a0b57e2faef2bd25f31369ac7
Author: Eliassj <elias.sjolin@gmail.com>
Date:   Thu Sep 28 15:21:40 2023 +0200

    FE

commit 4a800de12f96d59b483da40fe1df8b43c4f6fe01
Author: Eliassj <elias.sjolin@gmail.com>
Date:   Wed Sep 27 21:52:32 2023 +0200

    barnfyseolysosv

commit d70670f9fa3f0200faa4d486b7de7709e194c2d3
Merge: 6af296c f11c0a9
Author: Eliassj <elias.sjolin@gmail.com>
Date:   Wed Sep 27 21:04:16 2023 +0200

    Merge branch 'main' of https://github.com/Eliassj/km3
    hehe

commit f11c0a92b319d34b294c1d0baf9c0f8c5936e6bc
Author: Eliassj <116676054+Eliassj@users.noreply.github.com>
Date:   Wed Sep 27 16:00:20 2023 +0200

    Create barnnedreextr.qmd

commit 9f3c17c3f24293a9953360c99deb6757a9ec8a08
Author: Eliassj <116676054+Eliassj@users.noreply.github.com>
Date:   Wed Sep 27 15:45:52 2023 +0200

    Create barnortopedi.qmd

commit 6af296c01e99fa1bf98b2eb39991e7b6b831bb0f
Merge: 30b7885 983e874
Author: Eliassj <elias.sjolin@gmail.com>
Date:   Tue Sep 26 18:50:21 2023 +0200

    jh

commit 30b788574a4452752c8fda0545b3148901e59842
Author: Eliassj <elias.sjolin@gmail.com>
Date:   Tue Sep 26 18:48:40 2023 +0200

    ed

commit 983e8742ced922d4b44920e262e9815223194e58
Author: Eliassj <116676054+Eliassj@users.noreply.github.com>
Date:   Tue Sep 26 14:23:29 2023 +0200

    Update nedreextr.qmd

commit 5ac2f63a79946c6ad108d958c0f13954545fae48
Author: Eliassj <elias.sjolin@gmail.com>
Date:   Sat Sep 23 00:44:31 2023 +0200

    fd

commit a9aba2bc4c2943e38895c1974903d4253aaad134
Author: Eliassj <elias.sjolin@gmail.com>
Date:   Thu Sep 21 10:59:53 2023 +0200

    mp

commit d757d6524f25a044813793a400345ced8f386bee
Author: Eliassj <elias.sjolin@gmail.com>
Date:   Wed Sep 20 17:53:39 2023 +0200

    fldn

commit ff2cf3b9c30373e8f2e6bb981b2b82855e19cd82
Author: Eliassj <116676054+Eliassj@users.noreply.github.com>
Date:   Wed Sep 20 15:34:02 2023 +0200

    Update rygg.qmd

commit 974c508de9139694a1364fa788ca64a4bc8dadff
Author: Eliassj <116676054+Eliassj@users.noreply.github.com>
Date:   Wed Sep 20 15:31:06 2023 +0200

    Update ordlista.qmd

commit c25bb7a3468abc62eb6c21823b06c2dfd276ac24
Author: Eliassj <elias.sjolin@gmail.com>
Date:   Tue Sep 19 21:48:33 2023 +0200

    hj

commit 45005d8764b5cc3fe746ba33e938532656d0ba6b
Author: Eliassj <elias.sjolin@gmail.com>
Date:   Tue Sep 19 20:31:32 2023 +0200

    fdf

commit 3e6cca1c973fb40451aa08ea675bf2a2c414956e
Author: Eliassj <116676054+Eliassj@users.noreply.github.com>
Date:   Tue Sep 19 14:41:17 2023 +0200

    Update _quarto.yml

commit 9d20a04c315ac783380f1f9e9406f1dee02f9deb
Author: Eliassj <116676054+Eliassj@users.noreply.github.com>
Date:   Tue Sep 19 14:40:37 2023 +0200

    Create rygg.qmd

commit afb3fb47cf8210c100fc493a484452cfd872c150
Author: Eliassj <elias.sjolin@gmail.com>
Date:   Mon Sep 18 13:16:51 2023 +0200

    us

commit fb70dcf6b11bbae5a40243c7009493dbe0c7b1b1
Author: Eliassj <elias.sjolin@gmail.com>
Date:   Mon Sep 18 13:13:57 2023 +0200

    us

commit ed337dd6b85624f1c124422493d771ef804a8af3
Author: Eliassj <elias.sjolin@gmail.com>
Date:   Fri Sep 15 11:33:22 2023 +0200

    dede

commit b577862e3e2f8655a254ea596f564442a8068968
Author: Eliassj <elias.sjolin@gmail.com>
Date:   Thu Sep 14 18:36:18 2023 +0200

    DSd

commit af312decaf03bdff913e732d2e5b2c59147dcb16
Author: Eliassj <elias.sjolin@gmail.com>
Date:   Wed Sep 13 19:56:18 2023 +0200

    nedre

commit 5f8b16ad00664ba8e59d3e501491ad895be5ff7d
Author: Eliassj <elias.sjolin@gmail.com>
Date:   Mon Sep 11 21:13:02 2023 +0200

    Handleder är mycket

commit ccba123d72a29aa2a5f28b37c8efbb1b7ec4c643
Author: Eliassj <elias.sjolin@gmail.com>
Date:   Sun Sep 10 13:27:18 2023 +0200

    oij

commit 3e8fa74aa354f384762e35647cdfbd2411bf5cf8
Author: Eliassj <elias.sjolin@gmail.com>
Date:   Sun Sep 10 10:36:54 2023 +0200

    jdj

commit 8a404d48b4f9708659f8ca920870e541ef902a94
Author: Eliassj <elias.sjolin@gmail.com>
Date:   Fri Sep 8 14:13:36 2023 +0200

    fwef

commit 449eedc8031f0e935aa5a0441d644f24d56712de
Author: Eliassj <elias.sjolin@gmail.com>
Date:   Fri Sep 8 14:12:55 2023 +0200

    fwef

commit e9370a5db7c9be88c53f5cc47b88b1a269ecc6a6
Author: Eliassj <elias.sjolin@gmail.com>
Date:   Fri Sep 8 13:51:38 2023 +0200

    de

commit e144c533adb4829f257283925d02655da34b776e
Author: Eliassj <elias.sjolin@gmail.com>
Date:   Fri Sep 8 13:35:17 2023 +0200

    docsadd

commit 5eb851cd844f36e9b44b14f5b71d2637d5925b59
Author: Eliassj <elias.sjolin@gmail.com>
Date:   Fri Sep 8 13:31:42 2023 +0200

    nojekyll

commit a5555c98e21b2f439bbe824aa9126b62f2534c74
Author: Eliassj <elias.sjolin@gmail.com>
Date:   Fri Sep 8 13:29:06 2023 +0200

    initial commit
